[debug] [2022-02-16T12:06:10.000Z] ----------------------------------------------------------------------
[debug] [2022-02-16T12:06:10.002Z] Command:       C:\Program Files\nodejs\node.exe C:\Program Files\nodejs\node_modules\firebase-tools\lib\bin\firebase.js deploy
[debug] [2022-02-16T12:06:10.002Z] CLI Version:   10.2.0
[debug] [2022-02-16T12:06:10.002Z] Platform:      win32
[debug] [2022-02-16T12:06:10.002Z] Node Version:  v14.18.1
[debug] [2022-02-16T12:06:10.003Z] Time:          Wed Feb 16 2022 19:06:10 GMT+0700 (Indochina Time)
[debug] [2022-02-16T12:06:10.003Z] ----------------------------------------------------------------------
[debug] 
[debug] [2022-02-16T12:06:10.079Z] > command requires scopes: ["email","openid","https://www.googleapis.com/auth/cloudplatformprojects.readonly","https://www.googleapis.com/auth/firebase","https://www.googleapis.com/auth/cloud-platform"]
[debug] [2022-02-16T12:06:10.080Z] > authorizing via signed-in user (doctorburger255@gmail.com)
[debug] [2022-02-16T12:06:10.080Z] [iam] checking project imaginate-917b8 for permissions ["firebase.projects.get","firebasehosting.sites.update"]
[debug] [2022-02-16T12:06:10.083Z] >>> [apiv2][query] POST https://cloudresourcemanager.googleapis.com/v1/projects/imaginate-917b8:testIamPermissions [none]
[debug] [2022-02-16T12:06:10.083Z] >>> [apiv2][body] POST https://cloudresourcemanager.googleapis.com/v1/projects/imaginate-917b8:testIamPermissions {"permissions":["firebase.projects.get","firebasehosting.sites.update"]}
[debug] [2022-02-16T12:06:11.219Z] <<< [apiv2][status] POST https://cloudresourcemanager.googleapis.com/v1/projects/imaginate-917b8:testIamPermissions 200
[debug] [2022-02-16T12:06:11.219Z] <<< [apiv2][body] POST https://cloudresourcemanager.googleapis.com/v1/projects/imaginate-917b8:testIamPermissions {"permissions":["firebase.projects.get","firebasehosting.sites.update"]}
[debug] [2022-02-16T12:06:11.220Z] >>> [apiv2][query] GET https://firebase.googleapis.com/v1beta1/projects/imaginate-917b8 [none]
[debug] [2022-02-16T12:06:11.562Z] <<< [apiv2][status] GET https://firebase.googleapis.com/v1beta1/projects/imaginate-917b8 200
[debug] [2022-02-16T12:06:11.562Z] <<< [apiv2][body] GET https://firebase.googleapis.com/v1beta1/projects/imaginate-917b8 {"projectId":"imaginate-917b8","projectNumber":"730971243605","displayName":"imaginate","name":"projects/imaginate-917b8","resources":{"hostingSite":"imaginate-917b8","storageBucket":"imaginate-917b8.appspot.com","locationId":"us-central"},"state":"ACTIVE"}
[info] 
[info] === Deploying to 'imaginate-917b8'...
[info] 
[info] i  deploying hosting 
[debug] [2022-02-16T12:06:11.566Z] > refreshing access token with scopes: ["email","https://www.googleapis.com/auth/cloud-platform","https://www.googleapis.com/auth/cloudplatformprojects.readonly","https://www.googleapis.com/auth/firebase","openid"]
[debug] [2022-02-16T12:06:11.566Z] >>> HTTP REQUEST POST https://www.googleapis.com/oauth2/v3/token  
 <request body omitted>
[debug] [2022-02-16T12:06:11.836Z] <<< HTTP RESPONSE 200 {"date":"Wed, 16 Feb 2022 12:06:12 GMT","expires":"Mon, 01 Jan 1990 00:00:00 GMT","pragma":"no-cache","cache-control":"no-cache, no-store, max-age=0, must-revalidate","content-type":"application/json; charset=utf-8","vary":"X-Origin, Referer, Origin,Accept-Encoding","server":"scaffolding on HTTPServer2","x-xss-protection":"0","x-frame-options":"SAMEORIGIN","x-content-type-options":"nosniff","alt-svc":"h3=\":443\"; ma=2592000,h3-29=\":443\"; ma=2592000,h3-Q050=\":443\"; ma=2592000,h3-Q046=\":443\"; ma=2592000,h3-Q043=\":443\"; ma=2592000,quic=\":443\"; ma=2592000; v=\"46,43\"","accept-ranges":"none","transfer-encoding":"chunked"}
[debug] [2022-02-16T12:06:11.880Z] >>> HTTP REQUEST POST https://firebasehosting.googleapis.com/v1beta1/sites/imaginate-917b8/versions  
 {"config":{"rewrites":[{"glob":"**","path":"/index.html"}]},"labels":{"deployment-tool":"cli-firebase"}}
[debug] [2022-02-16T12:06:13.412Z] <<< HTTP RESPONSE 500 {"vary":"X-Origin, Referer, Origin,Accept-Encoding","content-type":"application/json; charset=UTF-8","date":"Wed, 16 Feb 2022 12:06:13 GMT","server":"ESF","cache-control":"private","x-xss-protection":"0","x-frame-options":"SAMEORIGIN","x-content-type-options":"nosniff","alt-svc":"h3=\":443\"; ma=2592000,h3-29=\":443\"; ma=2592000,h3-Q050=\":443\"; ma=2592000,h3-Q046=\":443\"; ma=2592000,h3-Q043=\":443\"; ma=2592000,quic=\":443\"; ma=2592000; v=\"46,43\"","accept-ranges":"none","transfer-encoding":"chunked"}
[debug] [2022-02-16T12:06:13.412Z] <<< HTTP RESPONSE BODY {"error":{"code":500,"message":"Internal error encountered.","status":"INTERNAL"}}
[error] 
[error] Error: HTTP Error: 500, Internal error encountered.
[debug] [2022-02-16T12:06:13.610Z] Error Context: {
  "body": {
    "error": {
      "code": 500,
      "message": "Internal error encountered.",
      "status": "INTERNAL"
    }
  },
  "response": {
    "statusCode": 500,
    "body": {
      "error": {
        "code": 500,
        "message": "Internal error encountered.",
        "status": "INTERNAL"
      }
    },
    "headers": {
      "vary": "X-Origin, Referer, Origin,Accept-Encoding",
      "content-type": "application/json; charset=UTF-8",
      "date": "Wed, 16 Feb 2022 12:06:13 GMT",
      "server": "ESF",
      "cache-control": "private",
      "x-xss-protection": "0",
      "x-frame-options": "SAMEORIGIN",
      "x-content-type-options": "nosniff",
      "alt-svc": "h3=\":443\"; ma=2592000,h3-29=\":443\"; ma=2592000,h3-Q050=\":443\"; ma=2592000,h3-Q046=\":443\"; ma=2592000,h3-Q043=\":443\"; ma=2592000,quic=\":443\"; ma=2592000; v=\"46,43\"",
      "accept-ranges": "none",
      "transfer-encoding": "chunked"
    },
    "request": {
      "uri": {
        "protocol": "https:",
        "slashes": true,
        "auth": null,
        "host": "firebasehosting.googleapis.com",
        "port": 443,
        "hostname": "firebasehosting.googleapis.com",
        "hash": null,
        "search": null,
        "query": null,
        "pathname": "/v1beta1/sites/imaginate-917b8/versions",
        "path": "/v1beta1/sites/imaginate-917b8/versions",
        "href": "https://firebasehosting.googleapis.com/v1beta1/sites/imaginate-917b8/versions"
      },
      "method": "POST"
    }
  }
}
[debug] [2022-02-16T12:06:27.465Z] ----------------------------------------------------------------------
[debug] [2022-02-16T12:06:27.467Z] Command:       C:\Program Files\nodejs\node.exe C:\Program Files\nodejs\node_modules\firebase-tools\lib\bin\firebase.js deploy --only hosting
[debug] [2022-02-16T12:06:27.467Z] CLI Version:   10.2.0
[debug] [2022-02-16T12:06:27.467Z] Platform:      win32
[debug] [2022-02-16T12:06:27.467Z] Node Version:  v14.18.1
[debug] [2022-02-16T12:06:27.468Z] Time:          Wed Feb 16 2022 19:06:27 GMT+0700 (Indochina Time)
[debug] [2022-02-16T12:06:27.468Z] ----------------------------------------------------------------------
[debug] 
[debug] [2022-02-16T12:06:27.520Z] > command requires scopes: ["email","openid","https://www.googleapis.com/auth/cloudplatformprojects.readonly","https://www.googleapis.com/auth/firebase","https://www.googleapis.com/auth/cloud-platform"]
[debug] [2022-02-16T12:06:27.520Z] > authorizing via signed-in user (doctorburger255@gmail.com)
[debug] [2022-02-16T12:06:27.521Z] [iam] checking project imaginate-917b8 for permissions ["firebase.projects.get","firebasehosting.sites.update"]
[debug] [2022-02-16T12:06:27.522Z] > refreshing access token with scopes: []
[debug] [2022-02-16T12:06:27.522Z] >>> HTTP REQUEST POST https://www.googleapis.com/oauth2/v3/token  
 <request body omitted>
[debug] [2022-02-16T12:06:27.766Z] <<< HTTP RESPONSE 200 {"date":"Wed, 16 Feb 2022 12:06:28 GMT","cache-control":"no-cache, no-store, max-age=0, must-revalidate","expires":"Mon, 01 Jan 1990 00:00:00 GMT","pragma":"no-cache","content-type":"application/json; charset=utf-8","vary":"X-Origin, Referer, Origin,Accept-Encoding","server":"scaffolding on HTTPServer2","x-xss-protection":"0","x-frame-options":"SAMEORIGIN","x-content-type-options":"nosniff","alt-svc":"h3=\":443\"; ma=2592000,h3-29=\":443\"; ma=2592000,h3-Q050=\":443\"; ma=2592000,h3-Q046=\":443\"; ma=2592000,h3-Q043=\":443\"; ma=2592000,quic=\":443\"; ma=2592000; v=\"46,43\"","accept-ranges":"none","transfer-encoding":"chunked"}
[debug] [2022-02-16T12:06:27.780Z] >>> [apiv2][query] POST https://cloudresourcemanager.googleapis.com/v1/projects/imaginate-917b8:testIamPermissions [none]
[debug] [2022-02-16T12:06:27.780Z] >>> [apiv2][body] POST https://cloudresourcemanager.googleapis.com/v1/projects/imaginate-917b8:testIamPermissions {"permissions":["firebase.projects.get","firebasehosting.sites.update"]}
[debug] [2022-02-16T12:06:28.717Z] <<< [apiv2][status] POST https://cloudresourcemanager.googleapis.com/v1/projects/imaginate-917b8:testIamPermissions 200
[debug] [2022-02-16T12:06:28.717Z] <<< [apiv2][body] POST https://cloudresourcemanager.googleapis.com/v1/projects/imaginate-917b8:testIamPermissions {"permissions":["firebase.projects.get","firebasehosting.sites.update"]}
[debug] [2022-02-16T12:06:28.718Z] >>> [apiv2][query] GET https://firebase.googleapis.com/v1beta1/projects/imaginate-917b8 [none]
[debug] [2022-02-16T12:06:29.095Z] <<< [apiv2][status] GET https://firebase.googleapis.com/v1beta1/projects/imaginate-917b8 200
[debug] [2022-02-16T12:06:29.095Z] <<< [apiv2][body] GET https://firebase.googleapis.com/v1beta1/projects/imaginate-917b8 {"projectId":"imaginate-917b8","projectNumber":"730971243605","displayName":"imaginate","name":"projects/imaginate-917b8","resources":{"hostingSite":"imaginate-917b8","storageBucket":"imaginate-917b8.appspot.com","locationId":"us-central"},"state":"ACTIVE"}
[info] 
[info] === Deploying to 'imaginate-917b8'...
[info] 
[info] i  deploying hosting 
[debug] [2022-02-16T12:06:29.099Z] > refreshing access token with scopes: ["email","https://www.googleapis.com/auth/cloud-platform","https://www.googleapis.com/auth/cloudplatformprojects.readonly","https://www.googleapis.com/auth/firebase","openid"]
[debug] [2022-02-16T12:06:29.099Z] >>> HTTP REQUEST POST https://www.googleapis.com/oauth2/v3/token  
 <request body omitted>
[debug] [2022-02-16T12:06:29.327Z] <<< HTTP RESPONSE 200 {"expires":"Mon, 01 Jan 1990 00:00:00 GMT","date":"Wed, 16 Feb 2022 12:06:29 GMT","cache-control":"no-cache, no-store, max-age=0, must-revalidate","pragma":"no-cache","content-type":"application/json; charset=utf-8","vary":"X-Origin, Referer, Origin,Accept-Encoding","server":"scaffolding on HTTPServer2","x-xss-protection":"0","x-frame-options":"SAMEORIGIN","x-content-type-options":"nosniff","alt-svc":"h3=\":443\"; ma=2592000,h3-29=\":443\"; ma=2592000,h3-Q050=\":443\"; ma=2592000,h3-Q046=\":443\"; ma=2592000,h3-Q043=\":443\"; ma=2592000,quic=\":443\"; ma=2592000; v=\"46,43\"","accept-ranges":"none","transfer-encoding":"chunked"}
[debug] [2022-02-16T12:06:29.339Z] >>> HTTP REQUEST POST https://firebasehosting.googleapis.com/v1beta1/sites/imaginate-917b8/versions  
 {"config":{"rewrites":[{"glob":"**","path":"/index.html"}]},"labels":{"deployment-tool":"cli-firebase"}}
[debug] [2022-02-16T12:06:30.735Z] <<< HTTP RESPONSE 500 {"vary":"X-Origin, Referer, Origin,Accept-Encoding","content-type":"application/json; charset=UTF-8","date":"Wed, 16 Feb 2022 12:06:31 GMT","server":"ESF","cache-control":"private","x-xss-protection":"0","x-frame-options":"SAMEORIGIN","x-content-type-options":"nosniff","alt-svc":"h3=\":443\"; ma=2592000,h3-29=\":443\"; ma=2592000,h3-Q050=\":443\"; ma=2592000,h3-Q046=\":443\"; ma=2592000,h3-Q043=\":443\"; ma=2592000,quic=\":443\"; ma=2592000; v=\"46,43\"","accept-ranges":"none","transfer-encoding":"chunked"}
[debug] [2022-02-16T12:06:30.735Z] <<< HTTP RESPONSE BODY {"error":{"code":500,"message":"Internal error encountered.","status":"INTERNAL"}}
[error] 
[error] Error: HTTP Error: 500, Internal error encountered.
[debug] [2022-02-16T12:06:31.061Z] Error Context: {
  "body": {
    "error": {
      "code": 500,
      "message": "Internal error encountered.",
      "status": "INTERNAL"
    }
  },
  "response": {
    "statusCode": 500,
    "body": {
      "error": {
        "code": 500,
        "message": "Internal error encountered.",
        "status": "INTERNAL"
      }
    },
    "headers": {
      "vary": "X-Origin, Referer, Origin,Accept-Encoding",
      "content-type": "application/json; charset=UTF-8",
      "date": "Wed, 16 Feb 2022 12:06:31 GMT",
      "server": "ESF",
      "cache-control": "private",
      "x-xss-protection": "0",
      "x-frame-options": "SAMEORIGIN",
      "x-content-type-options": "nosniff",
      "alt-svc": "h3=\":443\"; ma=2592000,h3-29=\":443\"; ma=2592000,h3-Q050=\":443\"; ma=2592000,h3-Q046=\":443\"; ma=2592000,h3-Q043=\":443\"; ma=2592000,quic=\":443\"; ma=2592000; v=\"46,43\"",
      "accept-ranges": "none",
      "transfer-encoding": "chunked"
    },
    "request": {
      "uri": {
        "protocol": "https:",
        "slashes": true,
        "auth": null,
        "host": "firebasehosting.googleapis.com",
        "port": 443,
        "hostname": "firebasehosting.googleapis.com",
        "hash": null,
        "search": null,
        "query": null,
        "pathname": "/v1beta1/sites/imaginate-917b8/versions",
        "path": "/v1beta1/sites/imaginate-917b8/versions",
        "href": "https://firebasehosting.googleapis.com/v1beta1/sites/imaginate-917b8/versions"
      },
      "method": "POST"
    }
  }
}
